<?xml version="1.0" encoding="UTF-8"?>
<testsuite xmlns:xsi="http://www.w3.org/2001/XMLSchema-instance" xsi:noNamespaceSchemaLocation="https://maven.apache.org/surefire/maven-surefire-plugin/xsd/surefire-test-report.xsd" name="org.bojja.mvnapp.AppTest" time="0.035" tests="1" errors="0" skipped="0" failures="1">
  <properties>
[...]
</properties>
  <testcase name="shouldAnswerWithTrue" classname="org.bojja.mvnapp.AppTest" time="0.015">
    <failure message="expected:&lt;Test assert[]&gt; but was:&lt;Test assert[ fail]&gt;" type="org.junit.ComparisonFailure"><![CDATA[org.junit.ComparisonFailure: expected:<Test assert[]> but was:<Test assert[ fail]>
	at org.bojja.mvnapp.AppTest.shouldAnswerWithTrue(AppTest.java:21)
]]></failure>
    <system-out><![CDATA[shouldAnswerWithTrue:Test assert
printMessage:Test assert fail
]]></system-out>
  </testcase>
</testsuite>